<?xml version="1.0" encoding="UTF-8"?>
<!-- Generated by org.testng.reporters.JUnitReportReporter -->
<testsuite hostname="Madhurs-MacBook-Air.local" failures="0" tests="2" name="com.testNG.ParallelTest" time="10.446" errors="0" timestamp="13 Apr 2020 11:53:58 GMT" skipped="0">
  <testcase classname="com.testNG.ParallelTest" name="test2" time="5.850"/>
  <testcase classname="com.testNG.ParallelTest" name="test1" time="4.596"/>
</testsuite> <!-- com.testNG.ParallelTest -->
