<?xml version="1.0" encoding="UTF-8"?>
<!-- Generated by org.testng.reporters.JUnitReportReporter -->
<testsuite hostname="Madhurs-MacBook-Air.local" failures="0" tests="1" name="com.testNG.WebDriverManagerTest" time="4.534" errors="0" timestamp="27 Feb 2020 13:26:38 GMT" skipped="0">
  <testcase classname="com.testNG.WebDriverManagerTest" name="test" time="4.534"/>
</testsuite> <!-- com.testNG.WebDriverManagerTest -->
