<?xml version="1.0" encoding="UTF-8"?>
<!-- Generated by org.testng.reporters.JUnitReportReporter -->
<testsuite hostname="Madhurs-MacBook-Air.local" failures="0" tests="2" name="com.testNG.ParallelTest2" time="15.343" errors="0" timestamp="27 Feb 2020 14:04:13 GMT" skipped="0">
  <testcase classname="com.testNG.ParallelTest2" name="test2" time="4.817"/>
  <testcase classname="com.testNG.ParallelTest2" name="test1" time="10.526"/>
</testsuite> <!-- com.testNG.ParallelTest2 -->
